<?xml version="1.0" encoding="UTF-8"?>
<!-- Generated by org.testng.reporters.JUnitReportReporter -->
<testsuite hostname="Niel" failures="0" tests="1" name="TestClasses.LoginTest" time="2.283" errors="0" timestamp="2023-01-22T15:07:37 IST" skipped="0">
  <testcase classname="TestClasses.LoginTest" name="doLogin" time="2.283"/>
  <system-out/>
</testsuite> <!-- TestClasses.LoginTest -->
