<?xml version="1.0" encoding="UTF-8"?>
<!-- Generated by org.testng.reporters.JUnitReportReporter -->
<testsuite hostname="Niel" failures="0" tests="1" name="com.minibank.TestClasses.LoginTest" time="2.280" errors="0" timestamp="2023-01-22T15:11:00 IST" skipped="0">
  <testcase classname="com.minibank.TestClasses.LoginTest" name="doLogin" time="2.280"/>
  <system-out/>
</testsuite> <!-- com.minibank.TestClasses.LoginTest -->
